2016-06-29 14:43:50,444 DEBUG DB_CONNECTION_CHECK: Attempting database connection for data source OPERATIONAL_DB
2016-06-29 14:43:50,456 INFO  READING_DB_PASSWORD_FILE: Reading Database Password for data source OPERATIONAL_DB: /media/allihave/ptrworkspace/workspace/hlbb-upl/serverconfig/../config/auth/ptrdb2.txt
2016-06-29 14:43:50,481 INFO  READING_DB_KEY_FILE: Reading database encryption key for data source OPERATIONAL_DB from file /media/allihave/ptrworkspace/workspace/hlbb-upl/serverconfig/../config/auth/DBKeyFile
2016-06-29 14:43:52,616 INFO  DB_VERSION: Database version SQL09075
2016-06-29 14:43:52,616 INFO  DB_DRIVER_VERSION: Database driver version 3.2.49
2016-06-29 14:43:52,679 DEBUG Initialized RuleQueryManager - com.profitera.services.system.dataaccess.RuleQueryManager
2016-06-29 14:43:52,698 DEBUG Initialized RuleTest - com.profitera.services.system.rpm.RuleTest
2016-06-29 14:43:52,698 FATAL java.lang.ClassNotFoundException
java.lang.ClassNotFoundException: com.profitera.services.system.dataaccess.TeamQueryManager
	at java.net.URLClassLoader.findClass(URLClassLoader.java:381)
	at java.lang.ClassLoader.loadClass(ClassLoader.java:424)
	at sun.misc.Launcher$AppClassLoader.loadClass(Launcher.java:331)
	at java.lang.ClassLoader.loadClass(ClassLoader.java:357)
	at java.lang.Class.forName0(Native Method)
	at java.lang.Class.forName(Class.java:264)
	at com.profitera.services.system.lookup.ServiceLookup.getService(ServiceLookup.java:37)
	at com.profitera.services.system.lookup.ServiceLookup.<init>(ServiceLookup.java:25)
	at com.profitera.services.system.lookup.LookupManager.getInstance(LookupManager.java:30)
	at com.profitera.server.ServiceEngine.<init>(ServiceEngine.java:133)
	at com.profitera.server.ServiceEngine.main(ServiceEngine.java:403)
2016-06-29 14:43:52,797 DEBUG Initialized QueryManager - com.profitera.services.system.dataaccess.QueryManager
2016-06-29 14:43:52,819 DEBUG RELOAD_SERVER_PROPS: Refreshing server properties
2016-06-29 14:43:52,876 DEBUG Initialized CtiService - com.profitera.services.system.cti.CTIService
2016-06-29 14:43:52,876 DEBUG Initialized BusinessUnitQueryManager - com.profitera.services.system.dataaccess.BusinessUnitQueryManager
2016-06-29 14:43:52,920 DEBUG Initialized ReadOnlyProvider - com.profitera.services.system.dataaccess.SqlMapReadOnlyProvider
2016-06-29 14:43:52,920 FATAL java.lang.ClassNotFoundException
java.lang.ClassNotFoundException: com.profitera.services.system.dataaccess.ContactNumberQueryManager
	at java.net.URLClassLoader.findClass(URLClassLoader.java:381)
	at java.lang.ClassLoader.loadClass(ClassLoader.java:424)
	at sun.misc.Launcher$AppClassLoader.loadClass(Launcher.java:331)
	at java.lang.ClassLoader.loadClass(ClassLoader.java:357)
	at java.lang.Class.forName0(Native Method)
	at java.lang.Class.forName(Class.java:264)
	at com.profitera.services.system.lookup.ServiceLookup.getService(ServiceLookup.java:37)
	at com.profitera.services.system.lookup.ServiceLookup.<init>(ServiceLookup.java:25)
	at com.profitera.services.system.lookup.LookupManager.getInstance(LookupManager.java:30)
	at com.profitera.server.ServiceEngine.<init>(ServiceEngine.java:133)
	at com.profitera.server.ServiceEngine.main(ServiceEngine.java:403)
2016-06-29 14:43:52,922 DEBUG Initialized UserQueryManager - com.profitera.services.system.dataaccess.UserQueryManager
2016-06-29 14:43:52,971 DEBUG Initialized ReportGenerationService - com.profitera.services.system.report.ReportGenerationService
2016-06-29 14:43:52,971 DEBUG Initialized ReadWriteProvider - com.profitera.services.system.dataaccess.SqlMapReadWriteProvider
2016-06-29 14:43:52,971 DEBUG Initialized UserRoleRefQueryManager - com.profitera.services.system.dataaccess.UserRoleRefQueryManager
2016-06-29 14:43:52,976 DEBUG Initialized DocumentService - com.profitera.services.system.dataaccess.DocumentService
2016-06-29 14:43:53,088 DEBUG Initialized TreatmentProcessService - com.profitera.services.system.dataaccess.TreatmentProcessService
2016-06-29 14:43:53,104 DEBUG Initialized RuleService - com.profitera.services.business.rule.TreatmentRuleService
2016-06-29 14:43:53,110 DEBUG Initialized BatchProcessService - com.profitera.services.business.batch.BatchProcessService
2016-06-29 14:43:53,114 DEBUG Initialized EvaluationTreeManagementService - com.profitera.services.business.statusevaluation.EvaluationTreeManagementService
2016-06-29 14:43:53,116 DEBUG Initialized DocumentDownloadService - com.profitera.services.business.document.DocumentDownloadService
2016-06-29 14:43:53,153 DEBUG Initialized ReportManagementService - com.profitera.services.business.report.ReportManagementService
2016-06-29 14:43:53,156 INFO  Loading query processors from :customeraccountQueryProcessors.xml, ECollectContactQueryProcessors.xml, QueryProcessors.xml, ECollectQueryProcessors.xml, TreatmentWorkpadQueryProcessors.xml, SearchQueryProcessors.xml, AgencyPMMQueryProcessors.xml, AgencyQueryProcessors.xml, ECollectDSPProcessors.xml
2016-06-29 14:43:53,346 FATAL Failed to load processors
java.lang.RuntimeException: Unable to load query processor 'com.profitera.services.business.query.DspListResultQueryProcessor' for getcustomercheckpaymentfromhost
	at com.profitera.services.business.query.ListQueryService.getProcessors(ListQueryService.java:222)
	at com.profitera.services.business.query.ListQueryService.loadQueryProcessors(ListQueryService.java:193)
	at com.profitera.services.business.query.ListQueryService.loadQueryProcessors(ListQueryService.java:165)
	at com.profitera.services.business.query.ListQueryService.<init>(ListQueryService.java:44)
	at sun.reflect.NativeConstructorAccessorImpl.newInstance0(Native Method)
	at sun.reflect.NativeConstructorAccessorImpl.newInstance(NativeConstructorAccessorImpl.java:62)
	at sun.reflect.DelegatingConstructorAccessorImpl.newInstance(DelegatingConstructorAccessorImpl.java:45)
	at java.lang.reflect.Constructor.newInstance(Constructor.java:422)
	at java.lang.Class.newInstance(Class.java:442)
	at com.profitera.services.system.lookup.ServiceLookup.getService(ServiceLookup.java:37)
	at com.profitera.services.system.lookup.ServiceLookup.<init>(ServiceLookup.java:25)
	at com.profitera.services.system.lookup.LookupManager.getInstance(LookupManager.java:31)
	at com.profitera.server.ServiceEngine.<init>(ServiceEngine.java:133)
	at com.profitera.server.ServiceEngine.main(ServiceEngine.java:403)
2016-06-29 14:43:53,347 FATAL java.util.MissingResourceException
java.util.MissingResourceException: File 'ECollectDSPProcessors.xml' not found, was empty or malformed, refusing to execute queries with missing configuration information.
	at com.profitera.services.business.query.ListQueryService.loadQueryProcessors(ListQueryService.java:200)
	at com.profitera.services.business.query.ListQueryService.loadQueryProcessors(ListQueryService.java:165)
	at com.profitera.services.business.query.ListQueryService.<init>(ListQueryService.java:44)
	at sun.reflect.NativeConstructorAccessorImpl.newInstance0(Native Method)
	at sun.reflect.NativeConstructorAccessorImpl.newInstance(NativeConstructorAccessorImpl.java:62)
	at sun.reflect.DelegatingConstructorAccessorImpl.newInstance(DelegatingConstructorAccessorImpl.java:45)
	at java.lang.reflect.Constructor.newInstance(Constructor.java:422)
	at java.lang.Class.newInstance(Class.java:442)
	at com.profitera.services.system.lookup.ServiceLookup.getService(ServiceLookup.java:37)
	at com.profitera.services.system.lookup.ServiceLookup.<init>(ServiceLookup.java:25)
	at com.profitera.services.system.lookup.LookupManager.getInstance(LookupManager.java:31)
	at com.profitera.server.ServiceEngine.<init>(ServiceEngine.java:133)
	at com.profitera.server.ServiceEngine.main(ServiceEngine.java:403)
2016-06-29 14:43:53,356 DEBUG Initialized ContactNumberService - com.profitera.services.business.contact.AuditTrailContactNumberService
2016-06-29 14:43:53,383 DEBUG Initialized ReferenceService - com.profitera.services.business.reference.ReferenceService
2016-06-29 14:43:53,385 DEBUG Initialized DialService - com.profitera.services.business.cti.DialerService
2016-06-29 14:43:53,417 DEBUG Initialized WebServer - com.profitera.services.business.http.WebServerService
2016-06-29 14:43:53,449 DEBUG Initialized PerformanceManagerService - com.profitera.services.business.worklistmanager.PerformanceManagerService
2016-06-29 14:43:53,451 DEBUG Initialized RuleDictionaryLoadAndExtractService - com.profitera.services.business.rule.RuleDictionaryLoadAndExtractService
2016-06-29 14:43:53,452 DEBUG Initialized TemplateService - com.profitera.services.business.template.TemplateService
2016-06-29 14:43:53,453 DEBUG Initialized ApplicationServerService - com.profitera.services.business.appserver.ApplicationServerService
2016-06-29 14:43:53,471 DEBUG Initialized CustomerService - com.profitera.services.business.customer.MapLockingQueryCustomerService
2016-06-29 14:43:53,474 DEBUG Initialized TreatmentAdminService - com.profitera.services.business.treatment.TreatmentAdminService
2016-06-29 14:43:53,475 DEBUG Initialized SecurityMaintenanceService - com.profitera.services.business.admin.SecurityMaintenanceService
2016-06-29 14:43:53,495 DEBUG Initialized TreatmentAssignmentService - com.profitera.services.business.rpm.TreatmentAssignmentService
2016-06-29 14:43:53,497 DEBUG Initialized TreatmentWorkpadService - com.profitera.services.business.treatment.TreatmentWorkpadService
2016-06-29 14:43:53,498 DEBUG Initialized RuleBomService - com.profitera.services.business.rule.RuleBomService
2016-06-29 14:43:53,499 DEBUG Initialized CustomerInformationService - com.profitera.services.business.customer.CustomerInformationService
2016-06-29 14:43:53,503 DEBUG Initialized AgencyService - com.profitera.services.business.agency.AgencyService
2016-06-29 14:43:53,504 DEBUG Initialized RPMEngineTestService - com.profitera.services.business.rpm.RPMEngineTestService
2016-06-29 14:43:53,505 DEBUG Initialized AccountScorerService - com.profitera.services.system.rpm.AccountScorerService
2016-06-29 14:43:53,506 DEBUG Initialized TreatmentPermissionService - com.profitera.services.business.treatment.TreatmentPermissionService
2016-06-29 14:43:53,506 DEBUG Initialized PromiseEvaluationService - com.profitera.services.business.treatment.PromiseEvaluationService
2016-06-29 14:43:53,558 DEBUG Initialized WorkListService - com.profitera.services.business.worklistmanager.WorkListService
2016-06-29 14:43:53,560 DEBUG Initialized DataArchivingService - com.profitera.services.business.archive.DataArchivingService
2016-06-29 14:43:53,562 DEBUG Initialized UserAndRoleManagementService - com.profitera.services.business.admin.UserAndRoleManagementService
2016-06-29 14:43:53,563 DEBUG Initialized AddressDetailsService - com.profitera.services.business.contact.AuditTrailAddressDetailsService
2016-06-29 14:43:53,566 DEBUG Initialized UserAndRoleService - com.profitera.services.business.admin.MapUserAndRoleService
2016-06-29 14:43:53,569 DEBUG Initialized SchedulingService - com.profitera.services.business.schedule.ForwardingSchedulingService
2016-06-29 14:43:53,569 FATAL java.lang.ClassNotFoundException
java.lang.ClassNotFoundException: com.profitera.services.business.dsp.DspService
	at java.net.URLClassLoader.findClass(URLClassLoader.java:381)
	at java.lang.ClassLoader.loadClass(ClassLoader.java:424)
	at sun.misc.Launcher$AppClassLoader.loadClass(Launcher.java:331)
	at java.lang.ClassLoader.loadClass(ClassLoader.java:357)
	at java.lang.Class.forName0(Native Method)
	at java.lang.Class.forName(Class.java:264)
	at com.profitera.services.system.lookup.ServiceLookup.getService(ServiceLookup.java:37)
	at com.profitera.services.system.lookup.ServiceLookup.<init>(ServiceLookup.java:25)
	at com.profitera.services.system.lookup.LookupManager.getInstance(LookupManager.java:31)
	at com.profitera.server.ServiceEngine.<init>(ServiceEngine.java:133)
	at com.profitera.server.ServiceEngine.main(ServiceEngine.java:403)
2016-06-29 14:43:53,570 DEBUG Initialized RuleScheduleService - com.profitera.services.business.rule.RuleScheduleService
2016-06-29 14:43:53,571 DEBUG Initialized HolidayService - com.profitera.services.business.holiday.HolidayService
2016-06-29 14:43:53,573 DEBUG Initialized EmployeeService - com.profitera.services.business.admin.EmployeeService
2016-06-29 14:43:53,574 DEBUG Initialized NotificationService - com.profitera.services.business.notification.MapNotificationService
2016-06-29 14:43:53,577 DEBUG Initialized RuleDictionaryService - com.profitera.services.business.rule.RuleDictionaryService
2016-06-29 14:43:53,577 INFO  BUILD_LOGIN: Building login service com.profitera.services.business.login.MapLoginService
2016-06-29 14:43:53,874 DEBUG SQL_CREATE_CONN: Login created connection 000000000504053874 (A1/10 I0/3 W0)
2016-06-29 14:43:53,875 DEBUG {conn-100000} Connection
2016-06-29 14:43:53,886 DEBUG {conn-100000} Preparing Statement:  select NAME, VALUE from PTRSECURITY_SETTINGS
2016-06-29 14:43:53,923 DEBUG {pstm-100001} Executing Statement:  select NAME, VALUE from PTRSECURITY_SETTINGS
2016-06-29 14:43:53,923 DEBUG {pstm-100001} Parameters: []
2016-06-29 14:43:53,923 DEBUG {pstm-100001} Types: []
2016-06-29 14:43:53,936 DEBUG {rset-100002} ResultSet
2016-06-29 14:43:53,992 DEBUG SQL_RETURN_CONN: Login returned connection 000000000504053874 (A0/10 I1/3 W0)
2016-06-29 14:43:53,999 DEBUG Query getSecuritySettings 240 ms using LIST (main)
2016-06-29 14:43:54,001 INFO  READ_SECURITY_SETTING: Security setting PASSWORD_EXPIRY_NOTICE: 7
2016-06-29 14:43:54,001 INFO  READ_SECURITY_SETTING: Security setting PASSWORD_AGE: 9
2016-06-29 14:43:54,001 INFO  READ_SECURITY_SETTING: Security setting PASSWORD_MIN_LENGTH: 6
2016-06-29 14:43:54,001 INFO  READ_SECURITY_SETTING: Security setting PASSWORD_MAX_LENGTH: 12
2016-06-29 14:43:54,001 INFO  READ_SECURITY_SETTING: Security setting PASSWORD_HISTORY: 24
2016-06-29 14:43:54,001 INFO  READ_SECURITY_SETTING: Security setting PASSWORD_IDLE_PERIOD: 300000000
2016-06-29 14:43:54,002 INFO  READ_SECURITY_SETTING: Security setting PASSWORD_MAX_ATTEMPT: 3
2016-06-29 14:43:54,002 INFO  READING_APP_KEY: Reading application crypt key file from ../config/auth/AppKeyFile
2016-06-29 14:43:54,049 INFO  BOUND: Successfullly bound service AccountScorerService
2016-06-29 14:43:54,049 INFO  BOUND: Successfullly bound service AddressDetailsService
2016-06-29 14:43:54,049 INFO  BOUND: Successfullly bound service AgencyService
2016-06-29 14:43:54,049 INFO  BOUND: Successfullly bound service ApplicationServerService
2016-06-29 14:43:54,049 INFO  BOUND: Successfullly bound service BatchProcessService
2016-06-29 14:43:54,049 INFO  BOUND: Successfullly bound service ContactNumberService
2016-06-29 14:43:54,049 INFO  BOUND: Successfullly bound service CustomerInformationService
2016-06-29 14:43:54,049 INFO  BOUND: Successfullly bound service CustomerService
2016-06-29 14:43:54,049 INFO  BOUND: Successfullly bound service DataArchivingService
2016-06-29 14:43:54,049 INFO  BOUND: Successfullly bound service DialService
2016-06-29 14:43:54,049 INFO  BOUND: Successfullly bound service DocumentDownloadService
2016-06-29 14:43:54,049 INFO  BOUND: Successfullly bound service EmployeeService
2016-06-29 14:43:54,049 INFO  BOUND: Successfullly bound service EvaluationTreeManagementService
2016-06-29 14:43:54,049 INFO  BOUND: Successfullly bound service HolidayService
2016-06-29 14:43:54,050 INFO  BOUND: Successfullly bound service NotificationService
2016-06-29 14:43:54,050 INFO  BOUND: Successfullly bound service PerformanceManagerService
2016-06-29 14:43:54,050 INFO  BOUND: Successfullly bound service PromiseEvaluationService
2016-06-29 14:43:54,050 INFO  BOUND: Successfullly bound service RPMEngineTestService
2016-06-29 14:43:54,050 INFO  BOUND: Successfullly bound service ReferenceService
2016-06-29 14:43:54,050 INFO  BOUND: Successfullly bound service ReportManagementService
2016-06-29 14:43:54,050 INFO  BOUND: Successfullly bound service RuleBomService
2016-06-29 14:43:54,050 INFO  BOUND: Successfullly bound service RuleDictionaryLoadAndExtractService
2016-06-29 14:43:54,050 INFO  BOUND: Successfullly bound service RuleDictionaryService
2016-06-29 14:43:54,050 INFO  BOUND: Successfullly bound service RuleScheduleService
2016-06-29 14:43:54,050 INFO  BOUND: Successfullly bound service RuleService
2016-06-29 14:43:54,050 INFO  BOUND: Successfullly bound service SchedulingService
2016-06-29 14:43:54,050 INFO  BOUND: Successfullly bound service SecurityMaintenanceService
2016-06-29 14:43:54,050 INFO  BOUND: Successfullly bound service TemplateService
2016-06-29 14:43:54,050 INFO  BOUND: Successfullly bound service TreatmentAdminService
2016-06-29 14:43:54,050 INFO  BOUND: Successfullly bound service TreatmentAssignmentService
2016-06-29 14:43:54,050 INFO  BOUND: Successfullly bound service TreatmentPermissionService
2016-06-29 14:43:54,050 INFO  BOUND: Successfullly bound service TreatmentWorkpadService
2016-06-29 14:43:54,050 INFO  BOUND: Successfullly bound service UserAndRoleManagementService
2016-06-29 14:43:54,050 INFO  BOUND: Successfullly bound service UserAndRoleService
2016-06-29 14:43:54,051 INFO  BOUND: Successfullly bound service WebServer
2016-06-29 14:43:54,051 INFO  BOUND: Successfullly bound service WorkListService
2016-06-29 14:43:54,079 INFO  Logging to {} via {} com.profitera.services.business.http.JettyLogWrapper@235ecd9f com.profitera.services.business.http.JettyLogWrapper
2016-06-29 14:43:54,343 INFO  License Named users(Type 1): 405
2016-06-29 14:43:54,343 INFO  License Named users(Type 2): 80
2016-06-29 14:43:54,343 INFO  License Named users(Type 3): 30
2016-06-29 14:43:54,345 INFO  Web server new minimum and maximum thread counts set to 100/700 (changed from 5/100)
2016-06-29 14:43:54,345 INFO  jetty-6.1.26 null null
2016-06-29 14:43:54,396 INFO  Started {} SocketConnector@0.0.0.0:8765 null
2016-06-29 14:43:54,443 DEBUG SQL_CREATE_CONN: OPERATIONAL_DB-AppServer created connection 000000001305935114 (A1/3 I0/1 W0)
2016-06-29 14:43:54,443 DEBUG {conn-100003} Connection
2016-06-29 14:43:54,443 DEBUG {conn-100003} Preparing Statement:  select ID, SERVER_NAME, DESCRIPTION, ACTIVE_SERVER, IP_ADDRESS, HOST_NAME from PTRAPP_SERVER inner join PTRAPP_SERVER_NET on ID = APP_SERVER_ID
2016-06-29 14:43:54,443 DEBUG {pstm-100004} Executing Statement:  select ID, SERVER_NAME, DESCRIPTION, ACTIVE_SERVER, IP_ADDRESS, HOST_NAME from PTRAPP_SERVER inner join PTRAPP_SERVER_NET on ID = APP_SERVER_ID
2016-06-29 14:43:54,443 DEBUG {pstm-100004} Parameters: []
2016-06-29 14:43:54,444 DEBUG {pstm-100004} Types: []
2016-06-29 14:43:54,450 DEBUG {rset-100005} ResultSet
2016-06-29 14:43:54,456 DEBUG SQL_RETURN_CONN: OPERATIONAL_DB-AppServer returned connection 000000001305935114 (A0/3 I1/1 W0)
2016-06-29 14:43:54,456 DEBUG Query getApplicationServers 20 ms using LIST (main)
2016-06-29 14:43:54,468 INFO  Network interface wlan0 found with addresses fe80:0:0:0:8286:f2ff:fea7:8c58%wlan0, fe80:0:0:0:8286:f2ff:fea7:8c58%wlan0, fe80:0:0:0:8286:f2ff:fea7:8c58%wlan0, 192.168.1.155, 192.168.1.155, 192.168.1.155
2016-06-29 14:43:54,480 INFO  Network interface eth0 found with addresses fe80:0:0:0:2ad2:44ff:fe76:ce2d%eth0, fe80:0:0:0:2ad2:44ff:fe76:ce2d%eth0, fe80:0:0:0:2ad2:44ff:fe76:ce2d%eth0, 192.168.1.83, 192.168.1.83, 192.168.1.83
2016-06-29 14:43:54,480 INFO  Network interface lo found with addresses 0:0:0:0:0:0:0:1%lo, ip6-localhost, ip6-localhost, 127.0.0.1, localhost, localhost
2016-06-29 14:43:54,480 WARN  This server is not defined based on available network interfaces: FE80:0:0:0:8286:F2FF:FEA7:8C58%WLAN0, FE80:0:0:0:8286:F2FF:FEA7:8C58%WLAN0, FE80:0:0:0:8286:F2FF:FEA7:8C58%WLAN0, 192.168.1.155, 192.168.1.155, 192.168.1.155, FE80:0:0:0:2AD2:44FF:FE76:CE2D%ETH0, FE80:0:0:0:2AD2:44FF:FE76:CE2D%ETH0, FE80:0:0:0:2AD2:44FF:FE76:CE2D%ETH0, 192.168.1.83, 192.168.1.83, 192.168.1.83, 0:0:0:0:0:0:0:1%LO, IP6-LOCALHOST, IP6-LOCALHOST, 127.0.0.1, LOCALHOST, LOCALHOST
2016-06-29 14:43:55,259 DEBUG EVENT_RECEIVED: server.start
2016-06-29 14:43:55,259 INFO  SERVER_STARTED: ### PROFITERA SERVER STARTED SUCCESSFULLY ###
2016-06-29 14:43:57,178 DEBUG Image not found: images/edit16.gif
2016-06-29 14:44:02,941 DEBUG RELOAD_SERVER_PROPS: Refreshing server properties
2016-06-29 14:44:02,944 INFO  READING_DB_PASSWORD_FILE: Reading Database Password for data source OPERATIONAL_DB: /media/allihave/ptrworkspace/workspace/hlbb-upl/serverconfig/../config/auth/ptrdb2.txt
2016-06-29 14:44:02,944 INFO  READING_DB_KEY_FILE: Reading database encryption key for data source OPERATIONAL_DB from file /media/allihave/ptrworkspace/workspace/hlbb-upl/serverconfig/../config/auth/DBKeyFile

